Using pre-set license
Built from '2020.2/release' branch; Version is '2020.2.1f1 (270dd8c3da1c) revision 2559448'; Using compiler version '192528614'; Build Type 'Release'
OS: 'Windows 10  (10.0.0) 64bit' Language: 'en' Physical Memory: 8074 MB
BatchMode: 1, IsHumanControllingUs: 0, StartBugReporterOnCrash: 0, Is64bit: 1, IsPro: 0

 COMMAND LINE ARGUMENTS:
C:\Program Files\Unity\Hub\Editor\2020.2.1f1\Editor\Unity.exe
-adb2
-batchMode
-noUpm
-name
AssetImportWorker0
-projectPath
C:/MultiMedia&Design/Sharvari Carleton Assignments Year2 Winter/spy-bird
-logFile
Logs/AssetImportWorker0.log
-srvPort
60757
Successfully changed project path to: C:/MultiMedia&Design/Sharvari Carleton Assignments Year2 Winter/spy-bird
C:/MultiMedia&Design/Sharvari Carleton Assignments Year2 Winter/spy-bird
Using Asset Import Pipeline V2.
Refreshing native plugins compatible for Editor in 68.74 ms, found 0 plugins.
Preloading 0 native plugins for Editor in 0.00 ms.
Initialize engine version: 2020.2.1f1 (270dd8c3da1c)
[Subsystems] Discovering subsystems at path C:/Program Files/Unity/Hub/Editor/2020.2.1f1/Editor/Data/Resources/UnitySubsystems
[Subsystems] Discovering subsystems at path C:/MultiMedia&Design/Sharvari Carleton Assignments Year2 Winter/spy-bird/Assets
GfxDevice: creating device client; threaded=0
Direct3D:
    Version:  Direct3D 11.0 [level 11.1]
    Renderer: Intel(R) UHD Graphics 620 (ID=0x3ea0)
    Vendor:   
    VRAM:     4037 MB
    Driver:   26.20.100.7323
Initialize mono
Mono path[0] = 'C:/Program Files/Unity/Hub/Editor/2020.2.1f1/Editor/Data/Managed'
Mono path[1] = 'C:/Program Files/Unity/Hub/Editor/2020.2.1f1/Editor/Data/MonoBleedingEdge/lib/mono/unityjit'
Mono config path = 'C:/Program Files/Unity/Hub/Editor/2020.2.1f1/Editor/Data/MonoBleedingEdge/etc'
Using monoOptions --debugger-agent=transport=dt_socket,embedding=1,server=y,suspend=n,address=127.0.0.1:56412
Begin MonoManager ReloadAssembly
Registering precompiled unity dll's ...
Register platform support module: C:/Program Files/Unity/Hub/Editor/2020.2.1f1/Editor/Data/PlaybackEngines/WindowsStandaloneSupport/UnityEditor.WindowsStandalone.Extensions.dll
Registered in 0.008703 seconds.
Native extension for WindowsStandalone target not found
Refreshing native plugins compatible for Editor in 79.97 ms, found 0 plugins.
Preloading 0 native plugins for Editor in 0.00 ms.
Invoked RoslynAnalysisRunner static constructor.
RoslynAnalysisRunner will not be running.
RoslynAnalysisRunner has terminated.
Mono: successfully reloaded assembly
- Completed reload, in  4.286 seconds
Platform modules already initialized, skipping
Registering precompiled user dll's ...
Registered in 0.003397 seconds.
Begin MonoManager ReloadAssembly
Native extension for WindowsStandalone target not found
Refreshing native plugins compatible for Editor in 0.65 ms, found 0 plugins.
Preloading 0 native plugins for Editor in 0.00 ms.
Invoked RoslynAnalysisRunner static constructor.
RoslynAnalysisRunner will not be running.
RoslynAnalysisRunner has terminated.
Mono: successfully reloaded assembly
- Completed reload, in  2.680 seconds
Platform modules already initialized, skipping
========================================================================
Worker process is ready to serve import requests
Launched and connected shader compiler UnityShaderCompiler.exe after 0.10 seconds
Refreshing native plugins compatible for Editor in 0.40 ms, found 0 plugins.
Preloading 0 native plugins for Editor in 0.00 ms.
Unloading 1250 Unused Serialized files (Serialized files now loaded: 0)
System memory in use before: 61.4 MB.
System memory in use after: 61.5 MB.

Unloading 10 unused Assets to reduce memory usage. Loaded Objects now: 1692.
Total: 3.531800 ms (FindLiveObjects: 0.226800 ms CreateObjectMapping: 0.152000 ms MarkObjects: 3.026100 ms  DeleteObjects: 0.123900 ms)

========================================================================
Received Import Request.
  path: Assets/Cartoon Bird/Materials/Bird Texture.png
  artifactKey: Guid(67d7f79212f618c488db8704a891a2b5) Importer(815301076,1909f56bfc062723c751e8b465ee728b)
Start importing Assets/Cartoon Bird/Materials/Bird Texture.png using Guid(67d7f79212f618c488db8704a891a2b5) Importer(815301076,1909f56bfc062723c751e8b465ee728b)  -> (artifact id: '198d63c968c734f545d6b1b2f11d4508') in 0.263081 seconds
  Import took 0.268862 seconds .

========================================================================
Received Import Request.
  Time since last request: 0.001030 seconds.
  path: Assets/Cartoon Bird
  artifactKey: Guid(268c9ffb865a038418e35fc96ecd217c) Importer(815301076,1909f56bfc062723c751e8b465ee728b)
Start importing Assets/Cartoon Bird using Guid(268c9ffb865a038418e35fc96ecd217c) Importer(815301076,1909f56bfc062723c751e8b465ee728b)  -> (artifact id: 'b8770b9f0ce954cd5cdf8f980fb12e8d') in 0.010316 seconds
  Import took 0.015407 seconds .

========================================================================
Received Import Request.
  Time since last request: 0.000775 seconds.
  path: Assets/Cartoon Bird/Pirate parrot.fbx
  artifactKey: Guid(a7d25d14a3c30cc449be0fa28fc332b3) Importer(815301076,1909f56bfc062723c751e8b465ee728b)
Start importing Assets/Cartoon Bird/Pirate parrot.fbx using Guid(a7d25d14a3c30cc449be0fa28fc332b3) Importer(815301076,1909f56bfc062723c751e8b465ee728b)  -> (artifact id: 'a9bc3a34c182c3b83cb0b1e0e459131a') in 0.405173 seconds
  Import took 0.411723 seconds .

========================================================================
Received Import Request.
  Time since last request: 0.000451 seconds.
  path: Assets/Cartoon Bird/Materials/Material_0.mat
  artifactKey: Guid(0f0828a6822e9e44a80b40448cac0a61) Importer(815301076,1909f56bfc062723c751e8b465ee728b)
Start importing Assets/Cartoon Bird/Materials/Material_0.mat using Guid(0f0828a6822e9e44a80b40448cac0a61) Importer(815301076,1909f56bfc062723c751e8b465ee728b)  -> (artifact id: 'b81c899835e065e97c27c941674203fe') in 0.085012 seconds
  Import took 0.092866 seconds .

========================================================================
Received Import Request.
  Time since last request: 0.000677 seconds.
  path: Assets/Cartoon Bird/Materials
  artifactKey: Guid(0fc4f586b2729a245b969d707d190699) Importer(815301076,1909f56bfc062723c751e8b465ee728b)
Start importing Assets/Cartoon Bird/Materials using Guid(0fc4f586b2729a245b969d707d190699) Importer(815301076,1909f56bfc062723c751e8b465ee728b)  -> (artifact id: '82bdd1721b3db91bbb8a317d7526bb67') in 0.012455 seconds
  Import took 0.017894 seconds .

========================================================================
Received Import Request.
  Time since last request: 3.385462 seconds.
  path: Assets/Cartoon Bird/Animations
  artifactKey: Guid(2ebc59634e2cf0c4c8cdbf2eb05a53cd) Importer(815301076,1909f56bfc062723c751e8b465ee728b)
Start importing Assets/Cartoon Bird/Animations using Guid(2ebc59634e2cf0c4c8cdbf2eb05a53cd) Importer(815301076,1909f56bfc062723c751e8b465ee728b)  -> (artifact id: '9f1033a99edb359824c0a7f086ac28c7') in 0.008317 seconds
  Import took 0.012359 seconds .

========================================================================
Received Import Request.
  Time since last request: 150.977580 seconds.
  path: Assets/Cartoon Bird/Animations/Bird anim.controller
  artifactKey: Guid(596d93c0da2edac4f82670c3d9eb5ed0) Importer(815301076,1909f56bfc062723c751e8b465ee728b)
Start importing Assets/Cartoon Bird/Animations/Bird anim.controller using Guid(596d93c0da2edac4f82670c3d9eb5ed0) Importer(815301076,1909f56bfc062723c751e8b465ee728b)  -> (artifact id: 'c0e29d8f5cc82fa2bb3b8951c8e1a20d') in 0.035155 seconds
  Import took 0.041443 seconds .

========================================================================
Received Prepare
Registering precompiled user dll's ...
Registered in 0.002754 seconds.
Begin MonoManager ReloadAssembly
Native extension for WindowsStandalone target not found
Refreshing native plugins compatible for Editor in 0.29 ms, found 0 plugins.
Preloading 0 native plugins for Editor in 0.00 ms.
Invoked RoslynAnalysisRunner static constructor.
RoslynAnalysisRunner will not be running.
RoslynAnalysisRunner has terminated.
Mono: successfully reloaded assembly
- Completed reload, in  1.907 seconds
Platform modules already initialized, skipping
Refreshing native plugins compatible for Editor in 0.29 ms, found 0 plugins.
Preloading 0 native plugins for Editor in 0.00 ms.
Unloading 1244 Unused Serialized files (Serialized files now loaded: 0)
System memory in use before: 76.2 MB.
System memory in use after: 76.3 MB.

Unloading 5 unused Assets to reduce memory usage. Loaded Objects now: 1741.
Total: 2.300100 ms (FindLiveObjects: 0.269100 ms CreateObjectMapping: 0.059600 ms MarkObjects: 1.941700 ms  DeleteObjects: 0.026200 ms)

