Using pre-set license
Built from '2020.2/release' branch; Version is '2020.2.1f1 (270dd8c3da1c) revision 2559448'; Using compiler version '192528614'; Build Type 'Release'
OS: 'Windows 10  (10.0.0) 64bit' Language: 'en' Physical Memory: 32719 MB
BatchMode: 1, IsHumanControllingUs: 0, StartBugReporterOnCrash: 0, Is64bit: 1, IsPro: 0

 COMMAND LINE ARGUMENTS:
C:\Program Files\Unity\Hub\Editor\2020.2.1f1\Editor\Unity.exe
-adb2
-batchMode
-noUpm
-name
AssetImportWorker0
-projectPath
C:/Users/kylem/OneDrive - Carleton University/School/IMD year 1/2021/Winter/IMD 2006 Intro to Computer Games/Unity Projects/spy bird 2/spy-bird
-logFile
Logs/AssetImportWorker0.log
-srvPort
57285
Successfully changed project path to: C:/Users/kylem/OneDrive - Carleton University/School/IMD year 1/2021/Winter/IMD 2006 Intro to Computer Games/Unity Projects/spy bird 2/spy-bird
C:/Users/kylem/OneDrive - Carleton University/School/IMD year 1/2021/Winter/IMD 2006 Intro to Computer Games/Unity Projects/spy bird 2/spy-bird
Using Asset Import Pipeline V2.
Refreshing native plugins compatible for Editor in 22.51 ms, found 0 plugins.
Preloading 0 native plugins for Editor in 0.00 ms.
Initialize engine version: 2020.2.1f1 (270dd8c3da1c)
[Subsystems] Discovering subsystems at path C:/Program Files/Unity/Hub/Editor/2020.2.1f1/Editor/Data/Resources/UnitySubsystems
[Subsystems] Discovering subsystems at path C:/Users/kylem/OneDrive - Carleton University/School/IMD year 1/2021/Winter/IMD 2006 Intro to Computer Games/Unity Projects/spy bird 2/spy-bird/Assets
GfxDevice: creating device client; threaded=0
Direct3D:
    Version:  Direct3D 11.0 [level 11.1]
    Renderer: NVIDIA GeForce RTX 2070 (ID=0x1f07)
    Vendor:   
    VRAM:     8031 MB
    Driver:   27.21.14.6589
Initialize mono
Mono path[0] = 'C:/Program Files/Unity/Hub/Editor/2020.2.1f1/Editor/Data/Managed'
Mono path[1] = 'C:/Program Files/Unity/Hub/Editor/2020.2.1f1/Editor/Data/MonoBleedingEdge/lib/mono/unityjit'
Mono config path = 'C:/Program Files/Unity/Hub/Editor/2020.2.1f1/Editor/Data/MonoBleedingEdge/etc'
Using monoOptions --debugger-agent=transport=dt_socket,embedding=1,server=y,suspend=n,address=127.0.0.1:56876
Begin MonoManager ReloadAssembly
Registering precompiled unity dll's ...
Register platform support module: C:/Program Files/Unity/Hub/Editor/2020.2.1f1/Editor/Data/PlaybackEngines/WindowsStandaloneSupport/UnityEditor.WindowsStandalone.Extensions.dll
Registered in 0.001680 seconds.
Native extension for WindowsStandalone target not found
Refreshing native plugins compatible for Editor in 21.47 ms, found 0 plugins.
Preloading 0 native plugins for Editor in 0.00 ms.
Invoked RoslynAnalysisRunner static constructor.
RoslynAnalysisRunner will not be running.
RoslynAnalysisRunner has terminated.
Mono: successfully reloaded assembly
- Completed reload, in  1.080 seconds
Platform modules already initialized, skipping
Registering precompiled user dll's ...
Registered in 0.000673 seconds.
Begin MonoManager ReloadAssembly
Native extension for WindowsStandalone target not found
Refreshing native plugins compatible for Editor in 0.41 ms, found 0 plugins.
Preloading 0 native plugins for Editor in 0.00 ms.
Invoked RoslynAnalysisRunner static constructor.
RoslynAnalysisRunner will not be running.
RoslynAnalysisRunner has terminated.
Mono: successfully reloaded assembly
- Completed reload, in  0.978 seconds
Platform modules already initialized, skipping
========================================================================
Worker process is ready to serve import requests
Launched and connected shader compiler UnityShaderCompiler.exe after 0.02 seconds
Refreshing native plugins compatible for Editor in 0.31 ms, found 0 plugins.
Preloading 0 native plugins for Editor in 0.00 ms.
Unloading 1254 Unused Serialized files (Serialized files now loaded: 0)
System memory in use before: 61.9 MB.
System memory in use after: 62.0 MB.

Unloading 10 unused Assets to reduce memory usage. Loaded Objects now: 1696.
Total: 2.324100 ms (FindLiveObjects: 0.207200 ms CreateObjectMapping: 0.088100 ms MarkObjects: 1.972200 ms  DeleteObjects: 0.055500 ms)

========================================================================
Received Import Request.
  path: Assets/Scenes/GameScene.unity
  artifactKey: Guid(34a0c225197ba2f46a6c04bdac2a6a51) Importer(815301076,1909f56bfc062723c751e8b465ee728b)
Start importing Assets/Scenes/GameScene.unity using Guid(34a0c225197ba2f46a6c04bdac2a6a51) Importer(815301076,1909f56bfc062723c751e8b465ee728b)  -> (artifact id: '9305581feefba790a40406dd0931b88d') in 0.014781 seconds
  Import took 0.017246 seconds .

========================================================================
Received Import Request.
  Time since last request: 51.191069 seconds.
  path: Assets/Scenes/HomeScene.unity
  artifactKey: Guid(86f4677fee6e2cd4c8ffcd037f0e0fa9) Importer(815301076,1909f56bfc062723c751e8b465ee728b)
Start importing Assets/Scenes/HomeScene.unity using Guid(86f4677fee6e2cd4c8ffcd037f0e0fa9) Importer(815301076,1909f56bfc062723c751e8b465ee728b)  -> (artifact id: 'f40003f7cfb3c01f6ef62f0b596732b1') in 0.007518 seconds
  Import took 0.009299 seconds .

========================================================================
Received Import Request.
  Time since last request: 34.583498 seconds.
  path: Assets/Scenes/EndScene.unity
  artifactKey: Guid(4a8467ebda2925a4bb296e357b15b6c3) Importer(815301076,1909f56bfc062723c751e8b465ee728b)
Start importing Assets/Scenes/EndScene.unity using Guid(4a8467ebda2925a4bb296e357b15b6c3) Importer(815301076,1909f56bfc062723c751e8b465ee728b)  -> (artifact id: '9ae3c822e937e646b5b0f413e69c8c2d') in 0.006716 seconds
  Import took 0.008742 seconds .

========================================================================
Received Import Request.
  Time since last request: 36.054088 seconds.
  path: Assets/Scripts/MenuButton.cs
  artifactKey: Guid(a0cab851de1814bf186b265818a3836d) Importer(815301076,1909f56bfc062723c751e8b465ee728b)
Start importing Assets/Scripts/MenuButton.cs using Guid(a0cab851de1814bf186b265818a3836d) Importer(815301076,1909f56bfc062723c751e8b465ee728b)  -> (artifact id: 'f96203866055c2ad766940ec4da26427') in 0.040138 seconds
  Import took 0.042579 seconds .

========================================================================
Received Prepare
Registering precompiled user dll's ...
Registered in 0.000632 seconds.
Begin MonoManager ReloadAssembly
Native extension for WindowsStandalone target not found
Refreshing native plugins compatible for Editor in 0.19 ms, found 0 plugins.
Preloading 0 native plugins for Editor in 0.00 ms.
Invoked RoslynAnalysisRunner static constructor.
RoslynAnalysisRunner will not be running.
RoslynAnalysisRunner has terminated.
Mono: successfully reloaded assembly
- Completed reload, in  0.747 seconds
Platform modules already initialized, skipping
Refreshing native plugins compatible for Editor in 0.29 ms, found 0 plugins.
Preloading 0 native plugins for Editor in 0.00 ms.
Unloading 1248 Unused Serialized files (Serialized files now loaded: 0)
System memory in use before: 61.9 MB.
System memory in use after: 62.0 MB.

Unloading 5 unused Assets to reduce memory usage. Loaded Objects now: 1699.
Total: 1.355800 ms (FindLiveObjects: 0.127700 ms CreateObjectMapping: 0.063700 ms MarkObjects: 1.147400 ms  DeleteObjects: 0.015800 ms)

========================================================================
Received Import Request.
  Time since last request: 35.136286 seconds.
  path: Assets/Scripts/HIDe.cs
  artifactKey: Guid(6f52f56ef55436041aac421d75bd52b1) Importer(815301076,1909f56bfc062723c751e8b465ee728b)
Start importing Assets/Scripts/HIDe.cs using Guid(6f52f56ef55436041aac421d75bd52b1) Importer(815301076,1909f56bfc062723c751e8b465ee728b)  -> (artifact id: '216be21f2d6b80fd138f256a02094c03') in 0.011963 seconds
  Import took 0.014964 seconds .

========================================================================
Received Import Request.
  Time since last request: 4.121865 seconds.
  path: Assets/Scripts/Hide.cs
  artifactKey: Guid(6f52f56ef55436041aac421d75bd52b1) Importer(815301076,1909f56bfc062723c751e8b465ee728b)
Start importing Assets/Scripts/Hide.cs using Guid(6f52f56ef55436041aac421d75bd52b1) Importer(815301076,1909f56bfc062723c751e8b465ee728b)  -> (artifact id: 'ac57422562118f57ab643031c78c7fa2') in 0.008964 seconds
  Import took 0.011432 seconds .

========================================================================
Received Prepare
Registering precompiled user dll's ...
Registered in 0.000622 seconds.
Begin MonoManager ReloadAssembly
Native extension for WindowsStandalone target not found
Refreshing native plugins compatible for Editor in 0.19 ms, found 0 plugins.
Preloading 0 native plugins for Editor in 0.00 ms.
Invoked RoslynAnalysisRunner static constructor.
RoslynAnalysisRunner will not be running.
RoslynAnalysisRunner has terminated.
Mono: successfully reloaded assembly
- Completed reload, in  0.766 seconds
Platform modules already initialized, skipping
Refreshing native plugins compatible for Editor in 0.19 ms, found 0 plugins.
Preloading 0 native plugins for Editor in 0.00 ms.
Unloading 1247 Unused Serialized files (Serialized files now loaded: 0)
System memory in use before: 62.0 MB.
System memory in use after: 62.1 MB.

Unloading 5 unused Assets to reduce memory usage. Loaded Objects now: 1701.
Total: 1.329700 ms (FindLiveObjects: 0.130000 ms CreateObjectMapping: 0.036500 ms MarkObjects: 1.149900 ms  DeleteObjects: 0.010900 ms)

========================================================================
Received Import Request.
  Time since last request: 5.740385 seconds.
  path: Assets/Scripts/Guard_01_AI.cs
  artifactKey: Guid(a95390667745fb54fab114f9bea3a22c) Importer(815301076,1909f56bfc062723c751e8b465ee728b)
Start importing Assets/Scripts/Guard_01_AI.cs using Guid(a95390667745fb54fab114f9bea3a22c) Importer(815301076,1909f56bfc062723c751e8b465ee728b)  -> (artifact id: 'cbb415c5ed4f1f6b4c37543ad961ccd6') in 0.008962 seconds
  Import took 0.011150 seconds .

========================================================================
Received Import Request.
  Time since last request: 0.023275 seconds.
  path: Assets/Scripts/Guard_01_AI.cs
  artifactKey: Guid(a95390667745fb54fab114f9bea3a22c) Importer(815301076,1909f56bfc062723c751e8b465ee728b)
Start importing Assets/Scripts/Guard_01_AI.cs using Guid(a95390667745fb54fab114f9bea3a22c) Importer(815301076,1909f56bfc062723c751e8b465ee728b)  -> (artifact id: 'cbb415c5ed4f1f6b4c37543ad961ccd6') in 0.002761 seconds
  Import took 0.004722 seconds .

========================================================================
Received Import Request.
  Time since last request: 11.605615 seconds.
  path: Assets/Scripts/Guard_AI.cs
  artifactKey: Guid(a95390667745fb54fab114f9bea3a22c) Importer(815301076,1909f56bfc062723c751e8b465ee728b)
Start importing Assets/Scripts/Guard_AI.cs using Guid(a95390667745fb54fab114f9bea3a22c) Importer(815301076,1909f56bfc062723c751e8b465ee728b)  -> (artifact id: '1169f73c7b1d736e67f5cd4b7c1c9bb6') in 0.009959 seconds
  Import took 0.012429 seconds .

========================================================================
Received Prepare
Registering precompiled user dll's ...
Registered in 0.000902 seconds.
Begin MonoManager ReloadAssembly
Native extension for WindowsStandalone target not found
Refreshing native plugins compatible for Editor in 0.20 ms, found 0 plugins.
Preloading 0 native plugins for Editor in 0.00 ms.
Invoked RoslynAnalysisRunner static constructor.
RoslynAnalysisRunner will not be running.
RoslynAnalysisRunner has terminated.
Mono: successfully reloaded assembly
- Completed reload, in  0.834 seconds
Platform modules already initialized, skipping
Refreshing native plugins compatible for Editor in 0.25 ms, found 0 plugins.
Preloading 0 native plugins for Editor in 0.00 ms.
Unloading 1247 Unused Serialized files (Serialized files now loaded: 0)
System memory in use before: 62.1 MB.
System memory in use after: 62.2 MB.

Unloading 5 unused Assets to reduce memory usage. Loaded Objects now: 1703.
Total: 1.299100 ms (FindLiveObjects: 0.140300 ms CreateObjectMapping: 0.038200 ms MarkObjects: 1.108800 ms  DeleteObjects: 0.010900 ms)

========================================================================
Received Import Request.
  Time since last request: 5.039047 seconds.
  path: Assets/Scripts/MenuButtonController.cs
  artifactKey: Guid(1cabdb1715d544fa0b4a11655e5bb9d1) Importer(815301076,1909f56bfc062723c751e8b465ee728b)
Start importing Assets/Scripts/MenuButtonController.cs using Guid(1cabdb1715d544fa0b4a11655e5bb9d1) Importer(815301076,1909f56bfc062723c751e8b465ee728b)  -> (artifact id: '4e70ba4d529af237874c5268a233a4aa') in 0.008805 seconds
  Import took 0.011129 seconds .

========================================================================
Received Import Request.
  Time since last request: 0.001402 seconds.
  path: Assets/Scripts/MenuButtonController.cs
  artifactKey: Guid(1cabdb1715d544fa0b4a11655e5bb9d1) Importer(815301076,1909f56bfc062723c751e8b465ee728b)
Start importing Assets/Scripts/MenuButtonController.cs using Guid(1cabdb1715d544fa0b4a11655e5bb9d1) Importer(815301076,1909f56bfc062723c751e8b465ee728b)  -> (artifact id: '4e70ba4d529af237874c5268a233a4aa') in 0.003438 seconds
  Import took 0.006028 seconds .

AssetImportWorkerClient::OnTransportError - code=2 error=End of file
